<?xml version="1.0" encoding="UTF-8"?>
<testsuite name="com.LuggageLogger.api.config.JwtAuthenticationFilterTests" tests="1" skipped="0" failures="0" errors="0" timestamp="2024-05-10T20:33:04" hostname="fedora.fritz.box" time="1.171">
  <properties/>
  <testcase name="doFilterInternal_ShouldNotSetAuthentication_WhenTokenIsInvalid()" classname="com.LuggageLogger.api.config.JwtAuthenticationFilterTests" time="1.171"/>
  <system-out><![CDATA[]]></system-out>
  <system-err><![CDATA[WARNING: A Java agent has been loaded dynamically (/home/stim/.gradle/caches/modules-2/files-2.1/net.bytebuddy/byte-buddy-agent/1.14.11/f9cb566608fbac6bc7bf54901a7aa11543a989ee/byte-buddy-agent-1.14.11.jar)
WARNING: If a serviceability tool is in use, please run with -XX:+EnableDynamicAgentLoading to hide this warning
WARNING: If a serviceability tool is not in use, please run with -Djdk.instrument.traceUsage for more information
WARNING: Dynamic loading of agents will be disallowed by default in a future release
]]></system-err>
</testsuite>
